<?xml version="1.0" encoding="UTF-8"?>
<!-- Generated by org.testng.reporters.JUnitXMLReporter -->
<testsuite hostname="WSD009" ignored="0" name="Default test" tests="3" failures="0" timestamp="31 May 2017 06:40:20 GMT" time="121.002" errors="0">
  <testcase name="loginToActitime" time="47.493" classname="DDT.ActitimeLogin"/>
  <testcase name="loginToActitime" time="31.625" classname="DDT.ActitimeLogin"/>
  <testcase name="loginToActitime" time="41.854" classname="DDT.ActitimeLogin"/>
</testsuite> <!-- Default test -->
