<?xml version="1.0" encoding="UTF-8"?>
<testng-results skipped="0" failed="0" ignored="0" total="3" passed="3">
  <reporter-output>
  </reporter-output>
  <suite name="Default suite" duration-ms="121002" started-at="2017-05-31T06:38:19Z" finished-at="2017-05-31T06:40:20Z">
    <groups>
    </groups>
    <test name="Default test" duration-ms="121002" started-at="2017-05-31T06:38:19Z" finished-at="2017-05-31T06:40:20Z">
      <class name="DDT.ActitimeLogin">
        <test-method status="PASS" signature="loginToActitime(java.lang.String, java.lang.String)[pri:0, instance:DDT.ActitimeLogin@4b9e13df]" name="loginToActitime" duration-ms="47493" started-at="2017-05-31T12:08:19Z" data-provider="actitimeData" finished-at="2017-05-31T12:09:06Z">
          <params>
            <param index="0">
              <value>
                <![CDATA[Admin]]>
              </value>
            </param>
            <param index="1">
              <value>
                <![CDATA[Admin]]>
              </value>
            </param>
          </params>
          <reporter-output>
          </reporter-output>
        </test-method> <!-- loginToActitime -->
        <test-method status="PASS" signature="loginToActitime(java.lang.String, java.lang.String)[pri:0, instance:DDT.ActitimeLogin@4b9e13df]" name="loginToActitime" duration-ms="31625" started-at="2017-05-31T12:09:06Z" data-provider="actitimeData" finished-at="2017-05-31T12:09:38Z">
          <params>
            <param index="0">
              <value>
                <![CDATA[admin]]>
              </value>
            </param>
            <param index="1">
              <value>
                <![CDATA[manager]]>
              </value>
            </param>
          </params>
          <reporter-output>
          </reporter-output>
        </test-method> <!-- loginToActitime -->
        <test-method status="PASS" signature="loginToActitime(java.lang.String, java.lang.String)[pri:0, instance:DDT.ActitimeLogin@4b9e13df]" name="loginToActitime" duration-ms="41854" started-at="2017-05-31T12:09:38Z" data-provider="actitimeData" finished-at="2017-05-31T12:10:20Z">
          <params>
            <param index="0">
              <value>
                <![CDATA[Admin1]]>
              </value>
            </param>
            <param index="1">
              <value>
                <![CDATA[manager123]]>
              </value>
            </param>
          </params>
          <reporter-output>
          </reporter-output>
        </test-method> <!-- loginToActitime -->
      </class> <!-- DDT.ActitimeLogin -->
    </test> <!-- Default test -->
  </suite> <!-- Default suite -->
</testng-results>
